<?xml version="1.0" encoding="UTF-8"?>
<!-- Generated by org.testng.reporters.JUnitXMLReporter -->
<testsuite ignored="0" hostname="DESKTOP-HC18IFA" failures="0" tests="3" name="Default test" time="5.411" errors="0" timestamp="2021-04-10T16:44:32 EDT">
  <testcase classname="files.DynamicJson" name="addBook" time="3.028"/>
  <testcase classname="files.DynamicJson" name="addBook" time="1.101"/>
  <testcase classname="files.DynamicJson" name="addBook" time="1.232"/>
</testsuite> <!-- Default test -->
